<?xml version="1.0" encoding="UTF-8"?>
<!-- Generated by org.testng.reporters.JUnitReportReporter -->
<testsuite skipped="0" hostname="Krishn" name="scnearios.TestCase1" tests="1" failures="0" timestamp="24 Apr 2020 10:25:23 GMT" time="13.438" errors="0">
  <testcase name="RegisterAccount" time="13.438" classname="scnearios.TestCase1"/>
</testsuite> <!-- scnearios.TestCase1 -->
