<?xml version="1.0" encoding="UTF-8"?>
<!-- Generated by org.testng.reporters.JUnitReportReporter -->
<testsuite skipped="0" hostname="Krishn" name="scnearios.TestCase2" tests="1" failures="0" timestamp="24 Apr 2020 10:29:42 GMT" time="24.765" errors="0">
  <testcase name="LoginAccount" time="24.765" classname="scnearios.TestCase2"/>
</testsuite> <!-- scnearios.TestCase2 -->
