<?xml version="1.0" encoding="UTF-8"?>
<!-- Generated by org.testng.reporters.JUnitReportReporter -->
<testsuite skipped="0" hostname="Krishn" name="scnearios.TestCase3" tests="1" failures="0" timestamp="24 Apr 2020 11:26:32 GMT" time="41.725" errors="0">
  <testcase name="LoginAccount" time="41.725" classname="scnearios.TestCase3"/>
</testsuite> <!-- scnearios.TestCase3 -->
